# JRE version: Java(TM) SE Runtime Environment (17.0.12+8) (build 17.0.12+8-LTS-286)
# Java VM: Java HotSpot(TM) 64-Bit Server VM (17.0.12+8-LTS-286, mixed mode, sharing, tiered, compressed oops, compressed class ptrs, g1 gc, windows-amd64)
GC Precious Log:
 CPUs: 4 total, 4 available
 Memory: 8071M
 Large Page Support: Disabled
 NUMA Support: Disabled
 Compressed Oops: Enabled (32-bit)
 Heap Region Size: 1M
 Heap Min Capacity: 8M
 Heap Initial Capacity: 128M
 Heap Max Capacity: 2018M
 Pre-touch: Disabled
 Parallel Workers: 4
 Concurrent Workers: 1
 Concurrent Refinement Workers: 4
 Periodic GC: Disabled
Heap:
 garbage-first heap   total 151552K, used 60150K [0x0000000081e00000, 0x0000000100000000)
  region size 1024K, 23 young (23552K), 2 survivors (2048K)
 Metaspace       used 50874K, committed 51200K, reserved 1114112K
  class space    used 5875K, committed 6016K, reserved 1048576K
GC Heap History (20 events):
Event: 4.295 GC heap before
{Heap before GC invocations=6 (full 0):
 garbage-first heap   total 37888K, used 26652K [0x0000000081e00000, 0x0000000100000000)
  region size 1024K, 15 young (15360K), 1 survivors (1024K)
 Metaspace       used 27841K, committed 28096K, reserved 1114112K
  class space    used 3532K, committed 3648K, reserved 1048576K
}
Event: 4.299 GC heap after
{Heap after GC invocations=7 (full 0):
 garbage-first heap   total 37888K, used 12501K [0x0000000081e00000, 0x0000000100000000)
  region size 1024K, 1 young (1024K), 1 survivors (1024K)
 Metaspace       used 27841K, committed 28096K, reserved 1114112K
  class space    used 3532K, committed 3648K, reserved 1048576K
}
Event: 4.831 GC heap before
{Heap before GC invocations=7 (full 0):
 garbage-first heap   total 37888K, used 26837K [0x0000000081e00000, 0x0000000100000000)
  region size 1024K, 16 young (16384K), 1 survivors (1024K)
 Metaspace       used 31854K, committed 32128K, reserved 1114112K
  class space    used 3916K, committed 4032K, reserved 1048576K
}
Event: 4.836 GC heap after
{Heap after GC invocations=8 (full 0):
 garbage-first heap   total 37888K, used 13304K [0x0000000081e00000, 0x0000000100000000)
  region size 1024K, 2 young (2048K), 2 survivors (2048K)
 Metaspace       used 31854K, committed 32128K, reserved 1114112K
  class space    used 3916K, committed 4032K, reserved 1048576K
}
Event: 5.585 GC heap before
{Heap before GC invocations=8 (full 0):
 garbage-first heap   total 37888K, used 26616K [0x0000000081e00000, 0x0000000100000000)
  region size 1024K, 16 young (16384K), 2 survivors (2048K)
 Metaspace       used 34495K, committed 34752K, reserved 1114112K
  class space    used 4197K, committed 4288K, reserved 1048576K
}
Event: 5.594 GC heap after
{Heap after GC invocations=9 (full 0):
 garbage-first heap   total 37888K, used 14558K [0x0000000081e00000, 0x0000000100000000)
  region size 1024K, 2 young (2048K), 2 survivors (2048K)
 Metaspace       used 34495K, committed 34752K, reserved 1114112K
  class space    used 4197K, committed 4288K, reserved 1048576K
}
Event: 5.848 GC heap before
{Heap before GC invocations=9 (full 0):
 garbage-first heap   total 37888K, used 28894K [0x0000000081e00000, 0x0000000100000000)
  region size 1024K, 15 young (15360K), 2 survivors (2048K)
 Metaspace       used 35225K, committed 35456K, reserved 1114112K
  class space    used 4272K, committed 4352K, reserved 1048576K
}
Event: 5.864 GC heap after
{Heap after GC invocations=10 (full 0):
 garbage-first heap   total 37888K, used 19449K [0x0000000081e00000, 0x0000000100000000)
  region size 1024K, 2 young (2048K), 2 survivors (2048K)
 Metaspace       used 35225K, committed 35456K, reserved 1114112K
  class space    used 4272K, committed 4352K, reserved 1048576K
}
Event: 5.948 GC heap before
{Heap before GC invocations=10 (full 0):
 garbage-first heap   total 37888K, used 27641K [0x0000000081e00000, 0x0000000100000000)
  region size 1024K, 10 young (10240K), 2 survivors (2048K)
 Metaspace       used 35263K, committed 35520K, reserved 1114112K
  class space    used 4272K, committed 4352K, reserved 1048576K
}
Event: 5.959 GC heap after
{Heap after GC invocations=11 (full 0):
 garbage-first heap   total 75776K, used 22822K [0x0000000081e00000, 0x0000000100000000)
  region size 1024K, 2 young (2048K), 2 survivors (2048K)
 Metaspace       used 35263K, committed 35520K, reserved 1114112K
  class space    used 4272K, committed 4352K, reserved 1048576K
}
Event: 6.865 GC heap before
{Heap before GC invocations=12 (full 0):
 garbage-first heap   total 75776K, used 51494K [0x0000000081e00000, 0x0000000100000000)
  region size 1024K, 30 young (30720K), 2 survivors (2048K)
 Metaspace       used 38985K, committed 39232K, reserved 1114112K
  class space    used 4655K, committed 4736K, reserved 1048576K
}
Event: 6.881 GC heap after
{Heap after GC invocations=13 (full 0):
 garbage-first heap   total 75776K, used 28236K [0x0000000081e00000, 0x0000000100000000)
  region size 1024K, 4 young (4096K), 4 survivors (4096K)
 Metaspace       used 38985K, committed 39232K, reserved 1114112K
  class space    used 4655K, committed 4736K, reserved 1048576K
}
Event: 6.909 GC heap before
{Heap before GC invocations=13 (full 0):
 garbage-first heap   total 75776K, used 29260K [0x0000000081e00000, 0x0000000100000000)
  region size 1024K, 5 young (5120K), 4 survivors (4096K)
 Metaspace       used 39190K, committed 39424K, reserved 1114112K
  class space    used 4679K, committed 4800K, reserved 1048576K
}
Event: 6.921 GC heap after
{Heap after GC invocations=14 (full 0):
 garbage-first heap   total 75776K, used 28951K [0x0000000081e00000, 0x0000000100000000)
  region size 1024K, 1 young (1024K), 1 survivors (1024K)
 Metaspace       used 39190K, committed 39424K, reserved 1114112K
  class space    used 4679K, committed 4800K, reserved 1048576K
}
Event: 8.183 GC heap before
{Heap before GC invocations=14 (full 0):
 garbage-first heap   total 75776K, used 52503K [0x0000000081e00000, 0x0000000100000000)
  region size 1024K, 25 young (25600K), 1 survivors (1024K)
 Metaspace       used 42223K, committed 42560K, reserved 1114112K
  class space    used 5041K, committed 5184K, reserved 1048576K
}
Event: 8.200 GC heap after
{Heap after GC invocations=15 (full 0):
 garbage-first heap   total 75776K, used 32183K [0x0000000081e00000, 0x0000000100000000)
  region size 1024K, 4 young (4096K), 4 survivors (4096K)
 Metaspace       used 42223K, committed 42560K, reserved 1114112K
  class space    used 5041K, committed 5184K, reserved 1048576K
}
Event: 9.289 GC heap before
{Heap before GC invocations=15 (full 0):
 garbage-first heap   total 75776K, used 54711K [0x0000000081e00000, 0x0000000100000000)
  region size 1024K, 26 young (26624K), 4 survivors (4096K)
 Metaspace       used 43207K, committed 43456K, reserved 1114112K
  class space    used 5142K, committed 5248K, reserved 1048576K
}
Event: 9.317 GC heap after
{Heap after GC invocations=16 (full 0):
 garbage-first heap   total 75776K, used 37272K [0x0000000081e00000, 0x0000000100000000)
  region size 1024K, 4 young (4096K), 4 survivors (4096K)
 Metaspace       used 43207K, committed 43456K, reserved 1114112K
  class space    used 5142K, committed 5248K, reserved 1048576K
}
Event: 10.377 GC heap before
{Heap before GC invocations=16 (full 0):
 garbage-first heap   total 75776K, used 54680K [0x0000000081e00000, 0x0000000100000000)
  region size 1024K, 22 young (22528K), 4 survivors (4096K)
 Metaspace       used 46595K, committed 46848K, reserved 1114112K
  class space    used 5479K, committed 5568K, reserved 1048576K
}
Event: 10.393 GC heap after
{Heap after GC invocations=17 (full 0):
 garbage-first heap   total 151552K, used 39670K [0x0000000081e00000, 0x0000000100000000)
  region size 1024K, 2 young (2048K), 2 survivors (2048K)
 Metaspace       used 46595K, committed 46848K, reserved 1114112K
  class space    used 5479K, committed 5568K, reserved 1048576K
}

